2016/04/20 11:44:14 [error] [exception.CHttpException.404] exception 'CHttpException' with message 'No es posible resolver la solicitud "js/plugins/stat/flot/jquery.flot.pie.min.js"' in /opt/yii-1.1.13.e9e4a0/framework/web/CWebApplication.php:286
Stack trace:
#0 /opt/yii-1.1.13.e9e4a0/framework/web/CWebApplication.php(141): CWebApplication->runController('js/plugins/stat...')
#1 /opt/yii-1.1.13.e9e4a0/framework/base/CApplication.php(169): CWebApplication->processRequest()
#2 /var/www/html/sigedo/index.php(13): CApplication->run()
#3 {main}
REQUEST_URI=/sigedo/js/plugins/stat/flot/jquery.flot.pie.min.js
HTTP_REFERER=http://localhost/sigedo/informes/index
---
2016/04/20 11:44:14 [error] [exception.CHttpException.404] exception 'CHttpException' with message 'No es posible resolver la solicitud "fonts/lato-lig-webfont.woff"' in /opt/yii-1.1.13.e9e4a0/framework/web/CWebApplication.php:286
Stack trace:
#0 /opt/yii-1.1.13.e9e4a0/framework/web/CWebApplication.php(141): CWebApplication->runController('fonts/lato-lig-...')
#1 /opt/yii-1.1.13.e9e4a0/framework/base/CApplication.php(169): CWebApplication->processRequest()
#2 /var/www/html/sigedo/index.php(13): CApplication->run()
#3 {main}
REQUEST_URI=/sigedo/fonts/lato-lig-webfont.woff?1383488388
HTTP_REFERER=http://localhost/sigedo/css/main.css
---
2016/04/20 11:44:14 [error] [exception.CHttpException.404] exception 'CHttpException' with message 'No es posible resolver la solicitud "fonts/lato-bol-webfont.woff"' in /opt/yii-1.1.13.e9e4a0/framework/web/CWebApplication.php:286
Stack trace:
#0 /opt/yii-1.1.13.e9e4a0/framework/web/CWebApplication.php(141): CWebApplication->runController('fonts/lato-bol-...')
#1 /opt/yii-1.1.13.e9e4a0/framework/base/CApplication.php(169): CWebApplication->processRequest()
#2 /var/www/html/sigedo/index.php(13): CApplication->run()
#3 {main}
REQUEST_URI=/sigedo/fonts/lato-bol-webfont.woff?1384273632
HTTP_REFERER=http://localhost/sigedo/css/main.css
---
2016/04/20 11:44:14 [error] [exception.CHttpException.404] exception 'CHttpException' with message 'No es posible resolver la solicitud "fonts/lato-lig-webfont.ttf"' in /opt/yii-1.1.13.e9e4a0/framework/web/CWebApplication.php:286
Stack trace:
#0 /opt/yii-1.1.13.e9e4a0/framework/web/CWebApplication.php(141): CWebApplication->runController('fonts/lato-lig-...')
#1 /opt/yii-1.1.13.e9e4a0/framework/base/CApplication.php(169): CWebApplication->processRequest()
#2 /var/www/html/sigedo/index.php(13): CApplication->run()
#3 {main}
REQUEST_URI=/sigedo/fonts/lato-lig-webfont.ttf?1383488388
HTTP_REFERER=http://localhost/sigedo/css/main.css
---
2016/04/20 11:44:14 [error] [exception.CHttpException.404] exception 'CHttpException' with message 'No es posible resolver la solicitud "fonts/lato-bol-webfont.ttf"' in /opt/yii-1.1.13.e9e4a0/framework/web/CWebApplication.php:286
Stack trace:
#0 /opt/yii-1.1.13.e9e4a0/framework/web/CWebApplication.php(141): CWebApplication->runController('fonts/lato-bol-...')
#1 /opt/yii-1.1.13.e9e4a0/framework/base/CApplication.php(169): CWebApplication->processRequest()
#2 /var/www/html/sigedo/index.php(13): CApplication->run()
#3 {main}
REQUEST_URI=/sigedo/fonts/lato-bol-webfont.ttf?1384273632
HTTP_REFERER=http://localhost/sigedo/css/main.css
---
2016/04/20 11:44:29 [error] [system.db.CDbCommand] CDbCommand::fetchAll() falló: SQLSTATE[42601]: Syntax error: 7 ERROR:  syntax error at or near "order"
LINE 45:                                           order by documento...
                                                   ^. La sentencia SQL ejecutada fue: SELECT 
                                          documentos.documento, 
                                          documentos.fecha, 
                                          documentos.asunto, 
                                          correspondencia.tipo, 
                                          correspondencia.fecha_acuse, 
                                          nombredoc.nombre as nomdoc,
                                          nombretipo.nombre as nomdoc2, 
                                          directorio.cargo, 
                                          datos_personales.nombre as nombrerem, 
                                          datos_personales.apellido_p as apprem, 
                                          datos_personales.apellido_m as apmrem, 
                                          datosdest.nombre as nombredest, 
                                          datosdest.apellido_p as appdest, 
                                          datosdest.apellido_m as apmdest,  
                                          directoriodest.cargo as cargodest,
                                          areas.nombre as nombrearea,
                                          areas2.nombre as nombreareadest
                                        FROM 
                                          public.documentos, 
                                          public.correspondencia, 
                                          public.directorio, 
                                          public.tipo_doc nombredoc,
                                          public.tipo_copia nombretipo,  
                                          public.datos_personales, 
                                          public.directorio directoriodest, 
                                          public.datos_personales datosdest,
                                          public.areas,
                                          public.areas areas2
                                        WHERE 
                                          documentos.remitente = directorio.id AND
                                          documentos.id = correspondencia.id_docto AND
                                          correspondencia.destinatario = directoriodest.id AND
                                          directorio.id_dp = datos_personales.id AND
                                          nombredoc.id = correspondencia.tipo AND
                                          nombretipo.id = documentos.tipo_docto AND
                                          directoriodest.id_dp = datosdest.id AND
                                          directoriodest.id_area = areas2.id AND
                                          areas.id = directorio.id_area AND
                                          directoriodest.id_area = 6 AND
                                          correspondencia.estado_acuse = 0  AND 
                                          (documentos.fecha between '2016-04-01' and '2016-04-30')  AND
                                          documentos.estado = 1 AND
                                          documentos.remitente = 71 AND
                                          order by documentos.id desc.
in /var/www/html/sigedo/protected/views/informes/_porconfirmar.php (245)
in /var/www/html/sigedo/protected/controllers/InformesController.php (63)
in /var/www/html/sigedo/index.php (13)
2016/04/20 11:44:29 [error] [exception.CDbException] exception 'CDbException' with message 'CDbCommand falló al ejecutar la sentencia SQL: SQLSTATE[42601]: Syntax error: 7 ERROR:  syntax error at or near "order"
LINE 45:                                           order by documento...
                                                   ^. The SQL statement executed was: SELECT 
                                          documentos.documento, 
                                          documentos.fecha, 
                                          documentos.asunto, 
                                          correspondencia.tipo, 
                                          correspondencia.fecha_acuse, 
                                          nombredoc.nombre as nomdoc,
                                          nombretipo.nombre as nomdoc2, 
                                          directorio.cargo, 
                                          datos_personales.nombre as nombrerem, 
                                          datos_personales.apellido_p as apprem, 
                                          datos_personales.apellido_m as apmrem, 
                                          datosdest.nombre as nombredest, 
                                          datosdest.apellido_p as appdest, 
                                          datosdest.apellido_m as apmdest,  
                                          directoriodest.cargo as cargodest,
                                          areas.nombre as nombrearea,
                                          areas2.nombre as nombreareadest
                                        FROM 
                                          public.documentos, 
                                          public.correspondencia, 
                                          public.directorio, 
                                          public.tipo_doc nombredoc,
                                          public.tipo_copia nombretipo,  
                                          public.datos_personales, 
                                          public.directorio directoriodest, 
                                          public.datos_personales datosdest,
                                          public.areas,
                                          public.areas areas2
                                        WHERE 
                                          documentos.remitente = directorio.id AND
                                          documentos.id = correspondencia.id_docto AND
                                          correspondencia.destinatario = directoriodest.id AND
                                          directorio.id_dp = datos_personales.id AND
                                          nombredoc.id = correspondencia.tipo AND
                                          nombretipo.id = documentos.tipo_docto AND
                                          directoriodest.id_dp = datosdest.id AND
                                          directoriodest.id_area = areas2.id AND
                                          areas.id = directorio.id_area AND
                                          directoriodest.id_area = 6 AND
                                          correspondencia.estado_acuse = 0  AND 
                                          (documentos.fecha between '2016-04-01' and '2016-04-30')  AND
                                          documentos.estado = 1 AND
                                          documentos.remitente = 71 AND
                                          order by documentos.id desc' in /opt/yii-1.1.13.e9e4a0/framework/db/CDbCommand.php:541
Stack trace:
#0 /opt/yii-1.1.13.e9e4a0/framework/db/CDbCommand.php(395): CDbCommand->queryInternal('fetchAll', Array, Array)
#1 /var/www/html/sigedo/protected/views/informes/_porconfirmar.php(245): CDbCommand->queryAll()
#2 /opt/yii-1.1.13.e9e4a0/framework/web/CBaseController.php(126): require('/var/www/html/s...')
#3 /opt/yii-1.1.13.e9e4a0/framework/web/CBaseController.php(95): CBaseController->renderInternal('/var/www/html/s...', Array, true)
#4 /opt/yii-1.1.13.e9e4a0/framework/web/CController.php(869): CBaseController->renderFile('/var/www/html/s...', Array, true)
#5 /var/www/html/sigedo/protected/controllers/InformesController.php(63): CController->renderPartial('_porconfirmar', Array)
#6 /opt/yii-1.1.13.e9e4a0/framework/web/actions/CInlineAction.php(49): InformesController->actionReqPto()
#7 /opt/yii-1.1.13.e9e4a0/framework/web/CController.php(308): CInlineAction->runWithParams(Array)
#8 /opt/yii-1.1.13.e9e4a0/framework/web/CController.php(286): CController->runAction(Object(CInlineAction))
#9 /opt/yii-1.1.13.e9e4a0/framework/web/CController.php(265): CController->runActionWithFilters(Object(CInlineAction), Array)
#10 /opt/yii-1.1.13.e9e4a0/framework/web/CWebApplication.php(282): CController->run('reqPto')
#11 /opt/yii-1.1.13.e9e4a0/framework/web/CWebApplication.php(141): CWebApplication->runController('informes/reqPto')
#12 /opt/yii-1.1.13.e9e4a0/framework/base/CApplication.php(169): CWebApplication->processRequest()
#13 /var/www/html/sigedo/index.php(13): CApplication->run()
#14 {main}
REQUEST_URI=/sigedo/informes/reqPto
HTTP_REFERER=http://localhost/sigedo/informes/index
---
2016/04/20 11:44:32 [error] [system.db.CDbCommand] CDbCommand::fetchAll() falló: SQLSTATE[42601]: Syntax error: 7 ERROR:  syntax error at or near "order"
LINE 45:                                           order by documento...
                                                   ^. La sentencia SQL ejecutada fue: SELECT 
                                          documentos.documento, 
                                          documentos.fecha, 
                                          documentos.asunto, 
                                          correspondencia.tipo, 
                                          correspondencia.fecha_acuse, 
                                          nombredoc.nombre as nomdoc,
                                          nombretipo.nombre as nomdoc2, 
                                          directorio.cargo, 
                                          datos_personales.nombre as nombrerem, 
                                          datos_personales.apellido_p as apprem, 
                                          datos_personales.apellido_m as apmrem, 
                                          datosdest.nombre as nombredest, 
                                          datosdest.apellido_p as appdest, 
                                          datosdest.apellido_m as apmdest,  
                                          directoriodest.cargo as cargodest,
                                          areas.nombre as nombrearea,
                                          areas2.nombre as nombreareadest
                                        FROM 
                                          public.documentos, 
                                          public.correspondencia, 
                                          public.directorio, 
                                          public.tipo_doc nombredoc,
                                          public.tipo_copia nombretipo,  
                                          public.datos_personales, 
                                          public.directorio directoriodest, 
                                          public.datos_personales datosdest,
                                          public.areas,
                                          public.areas areas2
                                        WHERE 
                                          documentos.remitente = directorio.id AND
                                          documentos.id = correspondencia.id_docto AND
                                          correspondencia.destinatario = directoriodest.id AND
                                          directorio.id_dp = datos_personales.id AND
                                          nombredoc.id = correspondencia.tipo AND
                                          nombretipo.id = documentos.tipo_docto AND
                                          directoriodest.id_dp = datosdest.id AND
                                          directoriodest.id_area = areas2.id AND
                                          areas.id = directorio.id_area AND
                                          directoriodest.id_area = 6 AND
                                          correspondencia.estado_acuse = 0  AND 
                                          (documentos.fecha between '2016-04-01' and '2016-04-30')  AND
                                          documentos.estado = 1 AND
                                          documentos.remitente = 71 AND
                                          order by documentos.id desc.
in /var/www/html/sigedo/protected/views/informes/_porconfirmar.php (245)
in /var/www/html/sigedo/protected/controllers/InformesController.php (63)
in /var/www/html/sigedo/index.php (13)
2016/04/20 11:44:32 [error] [exception.CDbException] exception 'CDbException' with message 'CDbCommand falló al ejecutar la sentencia SQL: SQLSTATE[42601]: Syntax error: 7 ERROR:  syntax error at or near "order"
LINE 45:                                           order by documento...
                                                   ^. The SQL statement executed was: SELECT 
                                          documentos.documento, 
                                          documentos.fecha, 
                                          documentos.asunto, 
                                          correspondencia.tipo, 
                                          correspondencia.fecha_acuse, 
                                          nombredoc.nombre as nomdoc,
                                          nombretipo.nombre as nomdoc2, 
                                          directorio.cargo, 
                                          datos_personales.nombre as nombrerem, 
                                          datos_personales.apellido_p as apprem, 
                                          datos_personales.apellido_m as apmrem, 
                                          datosdest.nombre as nombredest, 
                                          datosdest.apellido_p as appdest, 
                                          datosdest.apellido_m as apmdest,  
                                          directoriodest.cargo as cargodest,
                                          areas.nombre as nombrearea,
                                          areas2.nombre as nombreareadest
                                        FROM 
                                          public.documentos, 
                                          public.correspondencia, 
                                          public.directorio, 
                                          public.tipo_doc nombredoc,
                                          public.tipo_copia nombretipo,  
                                          public.datos_personales, 
                                          public.directorio directoriodest, 
                                          public.datos_personales datosdest,
                                          public.areas,
                                          public.areas areas2
                                        WHERE 
                                          documentos.remitente = directorio.id AND
                                          documentos.id = correspondencia.id_docto AND
                                          correspondencia.destinatario = directoriodest.id AND
                                          directorio.id_dp = datos_personales.id AND
                                          nombredoc.id = correspondencia.tipo AND
                                          nombretipo.id = documentos.tipo_docto AND
                                          directoriodest.id_dp = datosdest.id AND
                                          directoriodest.id_area = areas2.id AND
                                          areas.id = directorio.id_area AND
                                          directoriodest.id_area = 6 AND
                                          correspondencia.estado_acuse = 0  AND 
                                          (documentos.fecha between '2016-04-01' and '2016-04-30')  AND
                                          documentos.estado = 1 AND
                                          documentos.remitente = 71 AND
                                          order by documentos.id desc' in /opt/yii-1.1.13.e9e4a0/framework/db/CDbCommand.php:541
Stack trace:
#0 /opt/yii-1.1.13.e9e4a0/framework/db/CDbCommand.php(395): CDbCommand->queryInternal('fetchAll', Array, Array)
#1 /var/www/html/sigedo/protected/views/informes/_porconfirmar.php(245): CDbCommand->queryAll()
#2 /opt/yii-1.1.13.e9e4a0/framework/web/CBaseController.php(126): require('/var/www/html/s...')
#3 /opt/yii-1.1.13.e9e4a0/framework/web/CBaseController.php(95): CBaseController->renderInternal('/var/www/html/s...', Array, true)
#4 /opt/yii-1.1.13.e9e4a0/framework/web/CController.php(869): CBaseController->renderFile('/var/www/html/s...', Array, true)
#5 /var/www/html/sigedo/protected/controllers/InformesController.php(63): CController->renderPartial('_porconfirmar', Array)
#6 /opt/yii-1.1.13.e9e4a0/framework/web/actions/CInlineAction.php(49): InformesController->actionReqPto()
#7 /opt/yii-1.1.13.e9e4a0/framework/web/CController.php(308): CInlineAction->runWithParams(Array)
#8 /opt/yii-1.1.13.e9e4a0/framework/web/CController.php(286): CController->runAction(Object(CInlineAction))
#9 /opt/yii-1.1.13.e9e4a0/framework/web/CController.php(265): CController->runActionWithFilters(Object(CInlineAction), Array)
#10 /opt/yii-1.1.13.e9e4a0/framework/web/CWebApplication.php(282): CController->run('reqPto')
#11 /opt/yii-1.1.13.e9e4a0/framework/web/CWebApplication.php(141): CWebApplication->runController('informes/reqPto')
#12 /opt/yii-1.1.13.e9e4a0/framework/base/CApplication.php(169): CWebApplication->processRequest()
#13 /var/www/html/sigedo/index.php(13): CApplication->run()
#14 {main}
REQUEST_URI=/sigedo/informes/reqPto
HTTP_REFERER=http://localhost/sigedo/informes/index
---
2016/04/20 11:44:39 [error] [system.db.CDbCommand] CDbCommand::fetchAll() falló: SQLSTATE[42601]: Syntax error: 7 ERROR:  syntax error at or near "order"
LINE 45:                                           order by documento...
                                                   ^. La sentencia SQL ejecutada fue: SELECT 
                                          documentos.documento, 
                                          documentos.fecha, 
                                          documentos.asunto, 
                                          correspondencia.tipo, 
                                          correspondencia.fecha_acuse, 
                                          nombredoc.nombre as nomdoc,
                                          nombretipo.nombre as nomdoc2, 
                                          directorio.cargo, 
                                          datos_personales.nombre as nombrerem, 
                                          datos_personales.apellido_p as apprem, 
                                          datos_personales.apellido_m as apmrem, 
                                          datosdest.nombre as nombredest, 
                                          datosdest.apellido_p as appdest, 
                                          datosdest.apellido_m as apmdest,  
                                          directoriodest.cargo as cargodest,
                                          areas.nombre as nombrearea,
                                          areas2.nombre as nombreareadest
                                        FROM 
                                          public.documentos, 
                                          public.correspondencia, 
                                          public.directorio, 
                                          public.tipo_doc nombredoc,
                                          public.tipo_copia nombretipo,  
                                          public.datos_personales, 
                                          public.directorio directoriodest, 
                                          public.datos_personales datosdest,
                                          public.areas,
                                          public.areas areas2
                                        WHERE 
                                          documentos.remitente = directorio.id AND
                                          documentos.id = correspondencia.id_docto AND
                                          correspondencia.destinatario = directoriodest.id AND
                                          directorio.id_dp = datos_personales.id AND
                                          nombredoc.id = correspondencia.tipo AND
                                          nombretipo.id = documentos.tipo_docto AND
                                          directoriodest.id_dp = datosdest.id AND
                                          directoriodest.id_area = areas2.id AND
                                          areas.id = directorio.id_area AND
                                          directoriodest.id_area = 6 AND
                                          correspondencia.estado_acuse = 0  AND 
                                          (documentos.fecha between '2016-04-01' and '2016-04-30')  AND
                                          documentos.estado = 1 AND
                                          documentos.remitente = 71 AND
                                          order by documentos.id desc.
in /var/www/html/sigedo/protected/views/informes/_porconfirmar.php (245)
in /var/www/html/sigedo/protected/controllers/InformesController.php (63)
in /var/www/html/sigedo/index.php (13)
2016/04/20 11:44:39 [error] [exception.CDbException] exception 'CDbException' with message 'CDbCommand falló al ejecutar la sentencia SQL: SQLSTATE[42601]: Syntax error: 7 ERROR:  syntax error at or near "order"
LINE 45:                                           order by documento...
                                                   ^. The SQL statement executed was: SELECT 
                                          documentos.documento, 
                                          documentos.fecha, 
                                          documentos.asunto, 
                                          correspondencia.tipo, 
                                          correspondencia.fecha_acuse, 
                                          nombredoc.nombre as nomdoc,
                                          nombretipo.nombre as nomdoc2, 
                                          directorio.cargo, 
                                          datos_personales.nombre as nombrerem, 
                                          datos_personales.apellido_p as apprem, 
                                          datos_personales.apellido_m as apmrem, 
                                          datosdest.nombre as nombredest, 
                                          datosdest.apellido_p as appdest, 
                                          datosdest.apellido_m as apmdest,  
                                          directoriodest.cargo as cargodest,
                                          areas.nombre as nombrearea,
                                          areas2.nombre as nombreareadest
                                        FROM 
                                          public.documentos, 
                                          public.correspondencia, 
                                          public.directorio, 
                                          public.tipo_doc nombredoc,
                                          public.tipo_copia nombretipo,  
                                          public.datos_personales, 
                                          public.directorio directoriodest, 
                                          public.datos_personales datosdest,
                                          public.areas,
                                          public.areas areas2
                                        WHERE 
                                          documentos.remitente = directorio.id AND
                                          documentos.id = correspondencia.id_docto AND
                                          correspondencia.destinatario = directoriodest.id AND
                                          directorio.id_dp = datos_personales.id AND
                                          nombredoc.id = correspondencia.tipo AND
                                          nombretipo.id = documentos.tipo_docto AND
                                          directoriodest.id_dp = datosdest.id AND
                                          directoriodest.id_area = areas2.id AND
                                          areas.id = directorio.id_area AND
                                          directoriodest.id_area = 6 AND
                                          correspondencia.estado_acuse = 0  AND 
                                          (documentos.fecha between '2016-04-01' and '2016-04-30')  AND
                                          documentos.estado = 1 AND
                                          documentos.remitente = 71 AND
                                          order by documentos.id desc' in /opt/yii-1.1.13.e9e4a0/framework/db/CDbCommand.php:541
Stack trace:
#0 /opt/yii-1.1.13.e9e4a0/framework/db/CDbCommand.php(395): CDbCommand->queryInternal('fetchAll', Array, Array)
#1 /var/www/html/sigedo/protected/views/informes/_porconfirmar.php(245): CDbCommand->queryAll()
#2 /opt/yii-1.1.13.e9e4a0/framework/web/CBaseController.php(126): require('/var/www/html/s...')
#3 /opt/yii-1.1.13.e9e4a0/framework/web/CBaseController.php(95): CBaseController->renderInternal('/var/www/html/s...', Array, true)
#4 /opt/yii-1.1.13.e9e4a0/framework/web/CController.php(869): CBaseController->renderFile('/var/www/html/s...', Array, true)
#5 /var/www/html/sigedo/protected/controllers/InformesController.php(63): CController->renderPartial('_porconfirmar', Array)
#6 /opt/yii-1.1.13.e9e4a0/framework/web/actions/CInlineAction.php(49): InformesController->actionReqPto()
#7 /opt/yii-1.1.13.e9e4a0/framework/web/CController.php(308): CInlineAction->runWithParams(Array)
#8 /opt/yii-1.1.13.e9e4a0/framework/web/CController.php(286): CController->runAction(Object(CInlineAction))
#9 /opt/yii-1.1.13.e9e4a0/framework/web/CController.php(265): CController->runActionWithFilters(Object(CInlineAction), Array)
#10 /opt/yii-1.1.13.e9e4a0/framework/web/CWebApplication.php(282): CController->run('reqPto')
#11 /opt/yii-1.1.13.e9e4a0/framework/web/CWebApplication.php(141): CWebApplication->runController('informes/reqPto')
#12 /opt/yii-1.1.13.e9e4a0/framework/base/CApplication.php(169): CWebApplication->processRequest()
#13 /var/www/html/sigedo/index.php(13): CApplication->run()
#14 {main}
REQUEST_URI=/sigedo/informes/reqPto
HTTP_REFERER=http://localhost/sigedo/informes/index
---
2016/04/20 12:13:51 [error] [exception.CHttpException.404] exception 'CHttpException' with message 'No es posible resolver la solicitud "fonts/lato-lig-webfont.woff"' in /opt/yii-1.1.13.e9e4a0/framework/web/CWebApplication.php:286
Stack trace:
#0 /opt/yii-1.1.13.e9e4a0/framework/web/CWebApplication.php(141): CWebApplication->runController('fonts/lato-lig-...')
#1 /opt/yii-1.1.13.e9e4a0/framework/base/CApplication.php(169): CWebApplication->processRequest()
#2 /var/www/html/sigedo/index.php(13): CApplication->run()
#3 {main}
REQUEST_URI=/sigedo/fonts/lato-lig-webfont.woff?1383488388
HTTP_REFERER=http://localhost/sigedo/css/main2.css
---
2016/04/20 12:13:51 [error] [exception.CHttpException.404] exception 'CHttpException' with message 'No es posible resolver la solicitud "fonts/lato-lig-webfont.ttf"' in /opt/yii-1.1.13.e9e4a0/framework/web/CWebApplication.php:286
Stack trace:
#0 /opt/yii-1.1.13.e9e4a0/framework/web/CWebApplication.php(141): CWebApplication->runController('fonts/lato-lig-...')
#1 /opt/yii-1.1.13.e9e4a0/framework/base/CApplication.php(169): CWebApplication->processRequest()
#2 /var/www/html/sigedo/index.php(13): CApplication->run()
#3 {main}
REQUEST_URI=/sigedo/fonts/lato-lig-webfont.ttf?1383488388
HTTP_REFERER=http://localhost/sigedo/css/main2.css
---
2016/04/20 12:14:13 [error] [exception.CHttpException.404] exception 'CHttpException' with message 'No es posible resolver la solicitud "js/plugins/stat/flot/jquery.flot.pie.min.js"' in /opt/yii-1.1.13.e9e4a0/framework/web/CWebApplication.php:286
Stack trace:
#0 /opt/yii-1.1.13.e9e4a0/framework/web/CWebApplication.php(141): CWebApplication->runController('js/plugins/stat...')
#1 /opt/yii-1.1.13.e9e4a0/framework/base/CApplication.php(169): CWebApplication->processRequest()
#2 /var/www/html/sigedo/index.php(13): CApplication->run()
#3 {main}
REQUEST_URI=/sigedo/js/plugins/stat/flot/jquery.flot.pie.min.js
HTTP_REFERER=http://localhost/sigedo/main/index
---
2016/04/20 12:14:13 [error] [exception.CHttpException.404] exception 'CHttpException' with message 'No es posible resolver la solicitud "fonts/lato-lig-webfont.woff"' in /opt/yii-1.1.13.e9e4a0/framework/web/CWebApplication.php:286
Stack trace:
#0 /opt/yii-1.1.13.e9e4a0/framework/web/CWebApplication.php(141): CWebApplication->runController('fonts/lato-lig-...')
#1 /opt/yii-1.1.13.e9e4a0/framework/base/CApplication.php(169): CWebApplication->processRequest()
#2 /var/www/html/sigedo/index.php(13): CApplication->run()
#3 {main}
REQUEST_URI=/sigedo/fonts/lato-lig-webfont.woff?1383488388
HTTP_REFERER=http://localhost/sigedo/css/main.css
---
2016/04/20 12:14:14 [error] [exception.CHttpException.404] exception 'CHttpException' with message 'No es posible resolver la solicitud "fonts/lato-lig-webfont.ttf"' in /opt/yii-1.1.13.e9e4a0/framework/web/CWebApplication.php:286
Stack trace:
#0 /opt/yii-1.1.13.e9e4a0/framework/web/CWebApplication.php(141): CWebApplication->runController('fonts/lato-lig-...')
#1 /opt/yii-1.1.13.e9e4a0/framework/base/CApplication.php(169): CWebApplication->processRequest()
#2 /var/www/html/sigedo/index.php(13): CApplication->run()
#3 {main}
REQUEST_URI=/sigedo/fonts/lato-lig-webfont.ttf?1383488388
HTTP_REFERER=http://localhost/sigedo/css/main.css
---
2016/04/20 12:14:43 [error] [exception.CHttpException.404] exception 'CHttpException' with message 'No es posible resolver la solicitud "js/plugins/stat/flot/jquery.flot.pie.min.js"' in /opt/yii-1.1.13.e9e4a0/framework/web/CWebApplication.php:286
Stack trace:
#0 /opt/yii-1.1.13.e9e4a0/framework/web/CWebApplication.php(141): CWebApplication->runController('js/plugins/stat...')
#1 /opt/yii-1.1.13.e9e4a0/framework/base/CApplication.php(169): CWebApplication->processRequest()
#2 /var/www/html/sigedo/index.php(13): CApplication->run()
#3 {main}
REQUEST_URI=/sigedo/js/plugins/stat/flot/jquery.flot.pie.min.js
HTTP_REFERER=http://localhost/sigedo/informes/index
---
2016/04/20 12:14:43 [error] [exception.CHttpException.404] exception 'CHttpException' with message 'No es posible resolver la solicitud "fonts/lato-lig-webfont.woff"' in /opt/yii-1.1.13.e9e4a0/framework/web/CWebApplication.php:286
Stack trace:
#0 /opt/yii-1.1.13.e9e4a0/framework/web/CWebApplication.php(141): CWebApplication->runController('fonts/lato-lig-...')
#1 /opt/yii-1.1.13.e9e4a0/framework/base/CApplication.php(169): CWebApplication->processRequest()
#2 /var/www/html/sigedo/index.php(13): CApplication->run()
#3 {main}
REQUEST_URI=/sigedo/fonts/lato-lig-webfont.woff?1383488388
HTTP_REFERER=http://localhost/sigedo/css/main.css
---
2016/04/20 12:14:43 [error] [exception.CHttpException.404] exception 'CHttpException' with message 'No es posible resolver la solicitud "fonts/lato-bol-webfont.woff"' in /opt/yii-1.1.13.e9e4a0/framework/web/CWebApplication.php:286
Stack trace:
#0 /opt/yii-1.1.13.e9e4a0/framework/web/CWebApplication.php(141): CWebApplication->runController('fonts/lato-bol-...')
#1 /opt/yii-1.1.13.e9e4a0/framework/base/CApplication.php(169): CWebApplication->processRequest()
#2 /var/www/html/sigedo/index.php(13): CApplication->run()
#3 {main}
REQUEST_URI=/sigedo/fonts/lato-bol-webfont.woff?1384273632
HTTP_REFERER=http://localhost/sigedo/css/main2.css
---
2016/04/20 12:14:44 [error] [exception.CHttpException.404] exception 'CHttpException' with message 'No es posible resolver la solicitud "fonts/lato-bol-webfont.ttf"' in /opt/yii-1.1.13.e9e4a0/framework/web/CWebApplication.php:286
Stack trace:
#0 /opt/yii-1.1.13.e9e4a0/framework/web/CWebApplication.php(141): CWebApplication->runController('fonts/lato-bol-...')
#1 /opt/yii-1.1.13.e9e4a0/framework/base/CApplication.php(169): CWebApplication->processRequest()
#2 /var/www/html/sigedo/index.php(13): CApplication->run()
#3 {main}
REQUEST_URI=/sigedo/fonts/lato-bol-webfont.ttf?1384273632
HTTP_REFERER=http://localhost/sigedo/css/main2.css
---
2016/04/20 12:14:44 [error] [exception.CHttpException.404] exception 'CHttpException' with message 'No es posible resolver la solicitud "fonts/lato-lig-webfont.ttf"' in /opt/yii-1.1.13.e9e4a0/framework/web/CWebApplication.php:286
Stack trace:
#0 /opt/yii-1.1.13.e9e4a0/framework/web/CWebApplication.php(141): CWebApplication->runController('fonts/lato-lig-...')
#1 /opt/yii-1.1.13.e9e4a0/framework/base/CApplication.php(169): CWebApplication->processRequest()
#2 /var/www/html/sigedo/index.php(13): CApplication->run()
#3 {main}
REQUEST_URI=/sigedo/fonts/lato-lig-webfont.ttf?1383488388
HTTP_REFERER=http://localhost/sigedo/css/main.css
---
2016/04/20 12:20:04 [error] [exception.CHttpException.404] exception 'CHttpException' with message 'No es posible resolver la solicitud "js/plugins/stat/flot/jquery.flot.pie.min.js"' in /opt/yii-1.1.13.e9e4a0/framework/web/CWebApplication.php:286
Stack trace:
#0 /opt/yii-1.1.13.e9e4a0/framework/web/CWebApplication.php(141): CWebApplication->runController('js/plugins/stat...')
#1 /opt/yii-1.1.13.e9e4a0/framework/base/CApplication.php(169): CWebApplication->processRequest()
#2 /var/www/html/sigedo/index.php(13): CApplication->run()
#3 {main}
REQUEST_URI=/sigedo/js/plugins/stat/flot/jquery.flot.pie.min.js
HTTP_REFERER=http://localhost/sigedo/informes/index
---
2016/04/20 12:20:04 [error] [exception.CHttpException.404] exception 'CHttpException' with message 'No es posible resolver la solicitud "fonts/lato-lig-webfont.woff"' in /opt/yii-1.1.13.e9e4a0/framework/web/CWebApplication.php:286
Stack trace:
#0 /opt/yii-1.1.13.e9e4a0/framework/web/CWebApplication.php(141): CWebApplication->runController('fonts/lato-lig-...')
#1 /opt/yii-1.1.13.e9e4a0/framework/base/CApplication.php(169): CWebApplication->processRequest()
#2 /var/www/html/sigedo/index.php(13): CApplication->run()
#3 {main}
REQUEST_URI=/sigedo/fonts/lato-lig-webfont.woff?1383488388
HTTP_REFERER=http://localhost/sigedo/css/main.css
---
2016/04/20 12:20:04 [error] [exception.CHttpException.404] exception 'CHttpException' with message 'No es posible resolver la solicitud "fonts/lato-bol-webfont.woff"' in /opt/yii-1.1.13.e9e4a0/framework/web/CWebApplication.php:286
Stack trace:
#0 /opt/yii-1.1.13.e9e4a0/framework/web/CWebApplication.php(141): CWebApplication->runController('fonts/lato-bol-...')
#1 /opt/yii-1.1.13.e9e4a0/framework/base/CApplication.php(169): CWebApplication->processRequest()
#2 /var/www/html/sigedo/index.php(13): CApplication->run()
#3 {main}
REQUEST_URI=/sigedo/fonts/lato-bol-webfont.woff?1384273632
HTTP_REFERER=http://localhost/sigedo/css/main.css
---
2016/04/20 12:20:05 [error] [exception.CHttpException.404] exception 'CHttpException' with message 'No es posible resolver la solicitud "fonts/lato-lig-webfont.ttf"' in /opt/yii-1.1.13.e9e4a0/framework/web/CWebApplication.php:286
Stack trace:
#0 /opt/yii-1.1.13.e9e4a0/framework/web/CWebApplication.php(141): CWebApplication->runController('fonts/lato-lig-...')
#1 /opt/yii-1.1.13.e9e4a0/framework/base/CApplication.php(169): CWebApplication->processRequest()
#2 /var/www/html/sigedo/index.php(13): CApplication->run()
#3 {main}
REQUEST_URI=/sigedo/fonts/lato-lig-webfont.ttf?1383488388
HTTP_REFERER=http://localhost/sigedo/css/main.css
---
2016/04/20 12:20:05 [error] [exception.CHttpException.404] exception 'CHttpException' with message 'No es posible resolver la solicitud "fonts/lato-bol-webfont.ttf"' in /opt/yii-1.1.13.e9e4a0/framework/web/CWebApplication.php:286
Stack trace:
#0 /opt/yii-1.1.13.e9e4a0/framework/web/CWebApplication.php(141): CWebApplication->runController('fonts/lato-bol-...')
#1 /opt/yii-1.1.13.e9e4a0/framework/base/CApplication.php(169): CWebApplication->processRequest()
#2 /var/www/html/sigedo/index.php(13): CApplication->run()
#3 {main}
REQUEST_URI=/sigedo/fonts/lato-bol-webfont.ttf?1384273632
HTTP_REFERER=http://localhost/sigedo/css/main.css
---
2016/04/20 12:20:22 [error] [exception.CHttpException.404] exception 'CHttpException' with message 'No es posible resolver la solicitud "js/plugins/stat/flot/jquery.flot.pie.min.js"' in /opt/yii-1.1.13.e9e4a0/framework/web/CWebApplication.php:286
Stack trace:
#0 /opt/yii-1.1.13.e9e4a0/framework/web/CWebApplication.php(141): CWebApplication->runController('js/plugins/stat...')
#1 /opt/yii-1.1.13.e9e4a0/framework/base/CApplication.php(169): CWebApplication->processRequest()
#2 /var/www/html/sigedo/index.php(13): CApplication->run()
#3 {main}
REQUEST_URI=/sigedo/js/plugins/stat/flot/jquery.flot.pie.min.js
HTTP_REFERER=http://localhost/sigedo/correspondencia/confirmar
---
2016/04/20 12:20:22 [error] [exception.CHttpException.404] exception 'CHttpException' with message 'No es posible resolver la solicitud "fonts/lato-lig-webfont.woff"' in /opt/yii-1.1.13.e9e4a0/framework/web/CWebApplication.php:286
Stack trace:
#0 /opt/yii-1.1.13.e9e4a0/framework/web/CWebApplication.php(141): CWebApplication->runController('fonts/lato-lig-...')
#1 /opt/yii-1.1.13.e9e4a0/framework/base/CApplication.php(169): CWebApplication->processRequest()
#2 /var/www/html/sigedo/index.php(13): CApplication->run()
#3 {main}
REQUEST_URI=/sigedo/fonts/lato-lig-webfont.woff?1383488388
HTTP_REFERER=http://localhost/sigedo/css/main.css
---
2016/04/20 12:20:22 [error] [exception.CHttpException.404] exception 'CHttpException' with message 'No es posible resolver la solicitud "fonts/lato-bol-webfont.woff"' in /opt/yii-1.1.13.e9e4a0/framework/web/CWebApplication.php:286
Stack trace:
#0 /opt/yii-1.1.13.e9e4a0/framework/web/CWebApplication.php(141): CWebApplication->runController('fonts/lato-bol-...')
#1 /opt/yii-1.1.13.e9e4a0/framework/base/CApplication.php(169): CWebApplication->processRequest()
#2 /var/www/html/sigedo/index.php(13): CApplication->run()
#3 {main}
REQUEST_URI=/sigedo/fonts/lato-bol-webfont.woff?1384273632
HTTP_REFERER=http://localhost/sigedo/css/main.css
---
2016/04/20 12:20:22 [error] [exception.CHttpException.404] exception 'CHttpException' with message 'No es posible resolver la solicitud "fonts/lato-lig-webfont.ttf"' in /opt/yii-1.1.13.e9e4a0/framework/web/CWebApplication.php:286
Stack trace:
#0 /opt/yii-1.1.13.e9e4a0/framework/web/CWebApplication.php(141): CWebApplication->runController('fonts/lato-lig-...')
#1 /opt/yii-1.1.13.e9e4a0/framework/base/CApplication.php(169): CWebApplication->processRequest()
#2 /var/www/html/sigedo/index.php(13): CApplication->run()
#3 {main}
REQUEST_URI=/sigedo/fonts/lato-lig-webfont.ttf?1383488388
HTTP_REFERER=http://localhost/sigedo/css/main.css
---
2016/04/20 12:20:22 [error] [exception.CHttpException.404] exception 'CHttpException' with message 'No es posible resolver la solicitud "fonts/lato-bol-webfont.ttf"' in /opt/yii-1.1.13.e9e4a0/framework/web/CWebApplication.php:286
Stack trace:
#0 /opt/yii-1.1.13.e9e4a0/framework/web/CWebApplication.php(141): CWebApplication->runController('fonts/lato-bol-...')
#1 /opt/yii-1.1.13.e9e4a0/framework/base/CApplication.php(169): CWebApplication->processRequest()
#2 /var/www/html/sigedo/index.php(13): CApplication->run()
#3 {main}
REQUEST_URI=/sigedo/fonts/lato-bol-webfont.ttf?1384273632
HTTP_REFERER=http://localhost/sigedo/css/main.css
---
2016/04/20 12:20:23 [error] [exception.CHttpException.404] exception 'CHttpException' with message 'El sistema no ha podido encontrar la acción "assets" solicitada.' in /opt/yii-1.1.13.e9e4a0/framework/web/CController.php:483
Stack trace:
#0 /opt/yii-1.1.13.e9e4a0/framework/web/CController.php(270): CController->missingAction('assets')
#1 /opt/yii-1.1.13.e9e4a0/framework/web/CWebApplication.php(282): CController->run('assets')
#2 /opt/yii-1.1.13.e9e4a0/framework/web/CWebApplication.php(141): CWebApplication->runController('correspondencia...')
#3 /opt/yii-1.1.13.e9e4a0/framework/base/CApplication.php(169): CWebApplication->processRequest()
#4 /var/www/html/sigedo/index.php(13): CApplication->run()
#5 {main}
REQUEST_URI=/sigedo/correspondencia/assets/ico/favicon.png
HTTP_REFERER=http://localhost/sigedo/correspondencia/confirmar
---
2016/04/20 12:20:28 [error] [exception.CHttpException.404] exception 'CHttpException' with message 'No es posible resolver la solicitud "js/plugins/stat/flot/jquery.flot.pie.min.js"' in /opt/yii-1.1.13.e9e4a0/framework/web/CWebApplication.php:286
Stack trace:
#0 /opt/yii-1.1.13.e9e4a0/framework/web/CWebApplication.php(141): CWebApplication->runController('js/plugins/stat...')
#1 /opt/yii-1.1.13.e9e4a0/framework/base/CApplication.php(169): CWebApplication->processRequest()
#2 /var/www/html/sigedo/index.php(13): CApplication->run()
#3 {main}
REQUEST_URI=/sigedo/js/plugins/stat/flot/jquery.flot.pie.min.js
HTTP_REFERER=http://localhost/sigedo/entradaView/admin
---
2016/04/20 12:20:28 [error] [exception.CHttpException.404] exception 'CHttpException' with message 'No es posible resolver la solicitud "fonts/lato-lig-webfont.woff"' in /opt/yii-1.1.13.e9e4a0/framework/web/CWebApplication.php:286
Stack trace:
#0 /opt/yii-1.1.13.e9e4a0/framework/web/CWebApplication.php(141): CWebApplication->runController('fonts/lato-lig-...')
#1 /opt/yii-1.1.13.e9e4a0/framework/base/CApplication.php(169): CWebApplication->processRequest()
#2 /var/www/html/sigedo/index.php(13): CApplication->run()
#3 {main}
REQUEST_URI=/sigedo/fonts/lato-lig-webfont.woff?1383488388
HTTP_REFERER=http://localhost/sigedo/css/main.css
---
2016/04/20 12:20:28 [error] [exception.CHttpException.404] exception 'CHttpException' with message 'No es posible resolver la solicitud "fonts/lato-bol-webfont.woff"' in /opt/yii-1.1.13.e9e4a0/framework/web/CWebApplication.php:286
Stack trace:
#0 /opt/yii-1.1.13.e9e4a0/framework/web/CWebApplication.php(141): CWebApplication->runController('fonts/lato-bol-...')
#1 /opt/yii-1.1.13.e9e4a0/framework/base/CApplication.php(169): CWebApplication->processRequest()
#2 /var/www/html/sigedo/index.php(13): CApplication->run()
#3 {main}
REQUEST_URI=/sigedo/fonts/lato-bol-webfont.woff?1384273632
HTTP_REFERER=http://localhost/sigedo/css/main.css
---
2016/04/20 12:20:28 [error] [exception.CHttpException.404] exception 'CHttpException' with message 'No es posible resolver la solicitud "fonts/lato-lig-webfont.ttf"' in /opt/yii-1.1.13.e9e4a0/framework/web/CWebApplication.php:286
Stack trace:
#0 /opt/yii-1.1.13.e9e4a0/framework/web/CWebApplication.php(141): CWebApplication->runController('fonts/lato-lig-...')
#1 /opt/yii-1.1.13.e9e4a0/framework/base/CApplication.php(169): CWebApplication->processRequest()
#2 /var/www/html/sigedo/index.php(13): CApplication->run()
#3 {main}
REQUEST_URI=/sigedo/fonts/lato-lig-webfont.ttf?1383488388
HTTP_REFERER=http://localhost/sigedo/css/main.css
---
2016/04/20 12:20:28 [error] [exception.CHttpException.404] exception 'CHttpException' with message 'No es posible resolver la solicitud "fonts/lato-bol-webfont.ttf"' in /opt/yii-1.1.13.e9e4a0/framework/web/CWebApplication.php:286
Stack trace:
#0 /opt/yii-1.1.13.e9e4a0/framework/web/CWebApplication.php(141): CWebApplication->runController('fonts/lato-bol-...')
#1 /opt/yii-1.1.13.e9e4a0/framework/base/CApplication.php(169): CWebApplication->processRequest()
#2 /var/www/html/sigedo/index.php(13): CApplication->run()
#3 {main}
REQUEST_URI=/sigedo/fonts/lato-bol-webfont.ttf?1384273632
HTTP_REFERER=http://localhost/sigedo/css/main.css
---
2016/04/20 12:20:28 [error] [exception.CHttpException.404] exception 'CHttpException' with message 'El sistema no ha podido encontrar la acción "assets" solicitada.' in /opt/yii-1.1.13.e9e4a0/framework/web/CController.php:483
Stack trace:
#0 /opt/yii-1.1.13.e9e4a0/framework/web/CController.php(270): CController->missingAction('assets')
#1 /opt/yii-1.1.13.e9e4a0/framework/web/CWebApplication.php(282): CController->run('assets')
#2 /opt/yii-1.1.13.e9e4a0/framework/web/CWebApplication.php(141): CWebApplication->runController('entradaView/ass...')
#3 /opt/yii-1.1.13.e9e4a0/framework/base/CApplication.php(169): CWebApplication->processRequest()
#4 /var/www/html/sigedo/index.php(13): CApplication->run()
#5 {main}
REQUEST_URI=/sigedo/entradaView/assets/ico/favicon.png
HTTP_REFERER=http://localhost/sigedo/entradaView/admin
---
2016/04/20 12:21:28 [error] [exception.CHttpException.404] exception 'CHttpException' with message 'No es posible resolver la solicitud "js/plugins/stat/flot/jquery.flot.pie.min.js"' in /opt/yii-1.1.13.e9e4a0/framework/web/CWebApplication.php:286
Stack trace:
#0 /opt/yii-1.1.13.e9e4a0/framework/web/CWebApplication.php(141): CWebApplication->runController('js/plugins/stat...')
#1 /opt/yii-1.1.13.e9e4a0/framework/base/CApplication.php(169): CWebApplication->processRequest()
#2 /var/www/html/sigedo/index.php(13): CApplication->run()
#3 {main}
REQUEST_URI=/sigedo/js/plugins/stat/flot/jquery.flot.pie.min.js
HTTP_REFERER=http://localhost/sigedo/adminFinal/admin
---
2016/04/20 12:21:28 [error] [exception.CHttpException.404] exception 'CHttpException' with message 'No es posible resolver la solicitud "fonts/lato-lig-webfont.woff"' in /opt/yii-1.1.13.e9e4a0/framework/web/CWebApplication.php:286
Stack trace:
#0 /opt/yii-1.1.13.e9e4a0/framework/web/CWebApplication.php(141): CWebApplication->runController('fonts/lato-lig-...')
#1 /opt/yii-1.1.13.e9e4a0/framework/base/CApplication.php(169): CWebApplication->processRequest()
#2 /var/www/html/sigedo/index.php(13): CApplication->run()
#3 {main}
REQUEST_URI=/sigedo/fonts/lato-lig-webfont.woff?1383488388
HTTP_REFERER=http://localhost/sigedo/css/main.css
---
2016/04/20 12:21:28 [error] [exception.CHttpException.404] exception 'CHttpException' with message 'No es posible resolver la solicitud "fonts/lato-bol-webfont.woff"' in /opt/yii-1.1.13.e9e4a0/framework/web/CWebApplication.php:286
Stack trace:
#0 /opt/yii-1.1.13.e9e4a0/framework/web/CWebApplication.php(141): CWebApplication->runController('fonts/lato-bol-...')
#1 /opt/yii-1.1.13.e9e4a0/framework/base/CApplication.php(169): CWebApplication->processRequest()
#2 /var/www/html/sigedo/index.php(13): CApplication->run()
#3 {main}
REQUEST_URI=/sigedo/fonts/lato-bol-webfont.woff?1384273632
HTTP_REFERER=http://localhost/sigedo/css/main.css
---
2016/04/20 12:21:28 [error] [exception.CHttpException.404] exception 'CHttpException' with message 'No es posible resolver la solicitud "fonts/lato-bol-webfont.ttf"' in /opt/yii-1.1.13.e9e4a0/framework/web/CWebApplication.php:286
Stack trace:
#0 /opt/yii-1.1.13.e9e4a0/framework/web/CWebApplication.php(141): CWebApplication->runController('fonts/lato-bol-...')
#1 /opt/yii-1.1.13.e9e4a0/framework/base/CApplication.php(169): CWebApplication->processRequest()
#2 /var/www/html/sigedo/index.php(13): CApplication->run()
#3 {main}
REQUEST_URI=/sigedo/fonts/lato-bol-webfont.ttf?1384273632
HTTP_REFERER=http://localhost/sigedo/css/main.css
---
2016/04/20 12:21:28 [error] [exception.CHttpException.404] exception 'CHttpException' with message 'No es posible resolver la solicitud "fonts/lato-lig-webfont.ttf"' in /opt/yii-1.1.13.e9e4a0/framework/web/CWebApplication.php:286
Stack trace:
#0 /opt/yii-1.1.13.e9e4a0/framework/web/CWebApplication.php(141): CWebApplication->runController('fonts/lato-lig-...')
#1 /opt/yii-1.1.13.e9e4a0/framework/base/CApplication.php(169): CWebApplication->processRequest()
#2 /var/www/html/sigedo/index.php(13): CApplication->run()
#3 {main}
REQUEST_URI=/sigedo/fonts/lato-lig-webfont.ttf?1383488388
HTTP_REFERER=http://localhost/sigedo/css/main.css
---
2016/04/20 12:21:28 [error] [exception.CHttpException.404] exception 'CHttpException' with message 'El sistema no ha podido encontrar la acción "assets" solicitada.' in /opt/yii-1.1.13.e9e4a0/framework/web/CController.php:483
Stack trace:
#0 /opt/yii-1.1.13.e9e4a0/framework/web/CController.php(270): CController->missingAction('assets')
#1 /opt/yii-1.1.13.e9e4a0/framework/web/CWebApplication.php(282): CController->run('assets')
#2 /opt/yii-1.1.13.e9e4a0/framework/web/CWebApplication.php(141): CWebApplication->runController('adminFinal/asse...')
#3 /opt/yii-1.1.13.e9e4a0/framework/base/CApplication.php(169): CWebApplication->processRequest()
#4 /var/www/html/sigedo/index.php(13): CApplication->run()
#5 {main}
REQUEST_URI=/sigedo/adminFinal/assets/ico/favicon.png
HTTP_REFERER=http://localhost/sigedo/adminFinal/admin
---
2016/04/20 12:21:32 [error] [exception.CHttpException.404] exception 'CHttpException' with message 'No es posible resolver la solicitud "js/plugins/stat/flot/jquery.flot.pie.min.js"' in /opt/yii-1.1.13.e9e4a0/framework/web/CWebApplication.php:286
Stack trace:
#0 /opt/yii-1.1.13.e9e4a0/framework/web/CWebApplication.php(141): CWebApplication->runController('js/plugins/stat...')
#1 /opt/yii-1.1.13.e9e4a0/framework/base/CApplication.php(169): CWebApplication->processRequest()
#2 /var/www/html/sigedo/index.php(13): CApplication->run()
#3 {main}
REQUEST_URI=/sigedo/js/plugins/stat/flot/jquery.flot.pie.min.js
HTTP_REFERER=http://localhost/sigedo/informes/index
---
2016/04/20 12:21:33 [error] [exception.CHttpException.404] exception 'CHttpException' with message 'No es posible resolver la solicitud "fonts/lato-lig-webfont.woff"' in /opt/yii-1.1.13.e9e4a0/framework/web/CWebApplication.php:286
Stack trace:
#0 /opt/yii-1.1.13.e9e4a0/framework/web/CWebApplication.php(141): CWebApplication->runController('fonts/lato-lig-...')
#1 /opt/yii-1.1.13.e9e4a0/framework/base/CApplication.php(169): CWebApplication->processRequest()
#2 /var/www/html/sigedo/index.php(13): CApplication->run()
#3 {main}
REQUEST_URI=/sigedo/fonts/lato-lig-webfont.woff?1383488388
HTTP_REFERER=http://localhost/sigedo/css/main.css
---
2016/04/20 12:21:33 [error] [exception.CHttpException.404] exception 'CHttpException' with message 'No es posible resolver la solicitud "fonts/lato-bol-webfont.woff"' in /opt/yii-1.1.13.e9e4a0/framework/web/CWebApplication.php:286
Stack trace:
#0 /opt/yii-1.1.13.e9e4a0/framework/web/CWebApplication.php(141): CWebApplication->runController('fonts/lato-bol-...')
#1 /opt/yii-1.1.13.e9e4a0/framework/base/CApplication.php(169): CWebApplication->processRequest()
#2 /var/www/html/sigedo/index.php(13): CApplication->run()
#3 {main}
REQUEST_URI=/sigedo/fonts/lato-bol-webfont.woff?1384273632
HTTP_REFERER=http://localhost/sigedo/css/main.css
---
2016/04/20 12:21:33 [error] [exception.CHttpException.404] exception 'CHttpException' with message 'No es posible resolver la solicitud "fonts/lato-lig-webfont.ttf"' in /opt/yii-1.1.13.e9e4a0/framework/web/CWebApplication.php:286
Stack trace:
#0 /opt/yii-1.1.13.e9e4a0/framework/web/CWebApplication.php(141): CWebApplication->runController('fonts/lato-lig-...')
#1 /opt/yii-1.1.13.e9e4a0/framework/base/CApplication.php(169): CWebApplication->processRequest()
#2 /var/www/html/sigedo/index.php(13): CApplication->run()
#3 {main}
REQUEST_URI=/sigedo/fonts/lato-lig-webfont.ttf?1383488388
HTTP_REFERER=http://localhost/sigedo/css/main.css
---
2016/04/20 12:21:33 [error] [exception.CHttpException.404] exception 'CHttpException' with message 'No es posible resolver la solicitud "fonts/lato-bol-webfont.ttf"' in /opt/yii-1.1.13.e9e4a0/framework/web/CWebApplication.php:286
Stack trace:
#0 /opt/yii-1.1.13.e9e4a0/framework/web/CWebApplication.php(141): CWebApplication->runController('fonts/lato-bol-...')
#1 /opt/yii-1.1.13.e9e4a0/framework/base/CApplication.php(169): CWebApplication->processRequest()
#2 /var/www/html/sigedo/index.php(13): CApplication->run()
#3 {main}
REQUEST_URI=/sigedo/fonts/lato-bol-webfont.ttf?1384273632
HTTP_REFERER=http://localhost/sigedo/css/main.css
---
2016/04/21 09:55:58 [error] [exception.CHttpException.404] exception 'CHttpException' with message 'No es posible resolver la solicitud "fonts/lato-lig-webfont.woff"' in /opt/yii-1.1.13.e9e4a0/framework/web/CWebApplication.php:286
Stack trace:
#0 /opt/yii-1.1.13.e9e4a0/framework/web/CWebApplication.php(141): CWebApplication->runController('fonts/lato-lig-...')
#1 /opt/yii-1.1.13.e9e4a0/framework/base/CApplication.php(169): CWebApplication->processRequest()
#2 /var/www/html/sigedo/index.php(13): CApplication->run()
#3 {main}
REQUEST_URI=/sigedo/fonts/lato-lig-webfont.woff?1383488388
HTTP_REFERER=http://localhost/sigedo/css/main2.css
---
2016/04/21 09:55:59 [error] [exception.CHttpException.404] exception 'CHttpException' with message 'No es posible resolver la solicitud "fonts/lato-lig-webfont.ttf"' in /opt/yii-1.1.13.e9e4a0/framework/web/CWebApplication.php:286
Stack trace:
#0 /opt/yii-1.1.13.e9e4a0/framework/web/CWebApplication.php(141): CWebApplication->runController('fonts/lato-lig-...')
#1 /opt/yii-1.1.13.e9e4a0/framework/base/CApplication.php(169): CWebApplication->processRequest()
#2 /var/www/html/sigedo/index.php(13): CApplication->run()
#3 {main}
REQUEST_URI=/sigedo/fonts/lato-lig-webfont.ttf?1383488388
HTTP_REFERER=http://localhost/sigedo/css/main2.css
---
2016/04/21 09:55:59 [error] [exception.CHttpException.404] exception 'CHttpException' with message 'No es posible resolver la solicitud "assets/ico/favicon.png"' in /opt/yii-1.1.13.e9e4a0/framework/web/CWebApplication.php:286
Stack trace:
#0 /opt/yii-1.1.13.e9e4a0/framework/web/CWebApplication.php(141): CWebApplication->runController('assets/ico/favi...')
#1 /opt/yii-1.1.13.e9e4a0/framework/base/CApplication.php(169): CWebApplication->processRequest()
#2 /var/www/html/sigedo/index.php(13): CApplication->run()
#3 {main}
REQUEST_URI=/sigedo/assets/ico/favicon.png
HTTP_REFERER=http://localhost/sigedo/
---
2016/04/21 09:56:10 [error] [exception.CHttpException.404] exception 'CHttpException' with message 'No es posible resolver la solicitud "js/plugins/stat/flot/jquery.flot.pie.min.js"' in /opt/yii-1.1.13.e9e4a0/framework/web/CWebApplication.php:286
Stack trace:
#0 /opt/yii-1.1.13.e9e4a0/framework/web/CWebApplication.php(141): CWebApplication->runController('js/plugins/stat...')
#1 /opt/yii-1.1.13.e9e4a0/framework/base/CApplication.php(169): CWebApplication->processRequest()
#2 /var/www/html/sigedo/index.php(13): CApplication->run()
#3 {main}
REQUEST_URI=/sigedo/js/plugins/stat/flot/jquery.flot.pie.min.js
HTTP_REFERER=http://localhost/sigedo/main/index
---
2016/04/21 09:56:11 [error] [exception.CHttpException.404] exception 'CHttpException' with message 'No es posible resolver la solicitud "fonts/lato-lig-webfont.woff"' in /opt/yii-1.1.13.e9e4a0/framework/web/CWebApplication.php:286
Stack trace:
#0 /opt/yii-1.1.13.e9e4a0/framework/web/CWebApplication.php(141): CWebApplication->runController('fonts/lato-lig-...')
#1 /opt/yii-1.1.13.e9e4a0/framework/base/CApplication.php(169): CWebApplication->processRequest()
#2 /var/www/html/sigedo/index.php(13): CApplication->run()
#3 {main}
REQUEST_URI=/sigedo/fonts/lato-lig-webfont.woff?1383488388
HTTP_REFERER=http://localhost/sigedo/css/main.css
---
2016/04/21 09:56:11 [error] [exception.CHttpException.404] exception 'CHttpException' with message 'No es posible resolver la solicitud "fonts/lato-lig-webfont.ttf"' in /opt/yii-1.1.13.e9e4a0/framework/web/CWebApplication.php:286
Stack trace:
#0 /opt/yii-1.1.13.e9e4a0/framework/web/CWebApplication.php(141): CWebApplication->runController('fonts/lato-lig-...')
#1 /opt/yii-1.1.13.e9e4a0/framework/base/CApplication.php(169): CWebApplication->processRequest()
#2 /var/www/html/sigedo/index.php(13): CApplication->run()
#3 {main}
REQUEST_URI=/sigedo/fonts/lato-lig-webfont.ttf?1383488388
HTTP_REFERER=http://localhost/sigedo/css/main.css
---
2016/04/21 09:56:11 [error] [exception.CHttpException.404] exception 'CHttpException' with message 'El sistema no ha podido encontrar la acción "assets" solicitada.' in /opt/yii-1.1.13.e9e4a0/framework/web/CController.php:483
Stack trace:
#0 /opt/yii-1.1.13.e9e4a0/framework/web/CController.php(270): CController->missingAction('assets')
#1 /opt/yii-1.1.13.e9e4a0/framework/web/CWebApplication.php(282): CController->run('assets')
#2 /opt/yii-1.1.13.e9e4a0/framework/web/CWebApplication.php(141): CWebApplication->runController('main/assets/ico...')
#3 /opt/yii-1.1.13.e9e4a0/framework/base/CApplication.php(169): CWebApplication->processRequest()
#4 /var/www/html/sigedo/index.php(13): CApplication->run()
#5 {main}
REQUEST_URI=/sigedo/main/assets/ico/favicon.png
HTTP_REFERER=http://localhost/sigedo/main/index
---
2016/04/21 09:56:17 [error] [exception.CHttpException.404] exception 'CHttpException' with message 'No es posible resolver la solicitud "js/plugins/stat/flot/jquery.flot.pie.min.js"' in /opt/yii-1.1.13.e9e4a0/framework/web/CWebApplication.php:286
Stack trace:
#0 /opt/yii-1.1.13.e9e4a0/framework/web/CWebApplication.php(141): CWebApplication->runController('js/plugins/stat...')
#1 /opt/yii-1.1.13.e9e4a0/framework/base/CApplication.php(169): CWebApplication->processRequest()
#2 /var/www/html/sigedo/index.php(13): CApplication->run()
#3 {main}
REQUEST_URI=/sigedo/js/plugins/stat/flot/jquery.flot.pie.min.js
HTTP_REFERER=http://localhost/sigedo/entradaView/admin
---
2016/04/21 09:56:17 [error] [exception.CHttpException.404] exception 'CHttpException' with message 'No es posible resolver la solicitud "fonts/lato-lig-webfont.woff"' in /opt/yii-1.1.13.e9e4a0/framework/web/CWebApplication.php:286
Stack trace:
#0 /opt/yii-1.1.13.e9e4a0/framework/web/CWebApplication.php(141): CWebApplication->runController('fonts/lato-lig-...')
#1 /opt/yii-1.1.13.e9e4a0/framework/base/CApplication.php(169): CWebApplication->processRequest()
#2 /var/www/html/sigedo/index.php(13): CApplication->run()
#3 {main}
REQUEST_URI=/sigedo/fonts/lato-lig-webfont.woff?1383488388
HTTP_REFERER=http://localhost/sigedo/css/main.css
---
2016/04/21 09:56:17 [error] [exception.CHttpException.404] exception 'CHttpException' with message 'No es posible resolver la solicitud "fonts/lato-bol-webfont.woff"' in /opt/yii-1.1.13.e9e4a0/framework/web/CWebApplication.php:286
Stack trace:
#0 /opt/yii-1.1.13.e9e4a0/framework/web/CWebApplication.php(141): CWebApplication->runController('fonts/lato-bol-...')
#1 /opt/yii-1.1.13.e9e4a0/framework/base/CApplication.php(169): CWebApplication->processRequest()
#2 /var/www/html/sigedo/index.php(13): CApplication->run()
#3 {main}
REQUEST_URI=/sigedo/fonts/lato-bol-webfont.woff?1384273632
HTTP_REFERER=http://localhost/sigedo/css/main2.css
---
2016/04/21 09:56:18 [error] [exception.CHttpException.404] exception 'CHttpException' with message 'No es posible resolver la solicitud "fonts/lato-lig-webfont.ttf"' in /opt/yii-1.1.13.e9e4a0/framework/web/CWebApplication.php:286
Stack trace:
#0 /opt/yii-1.1.13.e9e4a0/framework/web/CWebApplication.php(141): CWebApplication->runController('fonts/lato-lig-...')
#1 /opt/yii-1.1.13.e9e4a0/framework/base/CApplication.php(169): CWebApplication->processRequest()
#2 /var/www/html/sigedo/index.php(13): CApplication->run()
#3 {main}
REQUEST_URI=/sigedo/fonts/lato-lig-webfont.ttf?1383488388
HTTP_REFERER=http://localhost/sigedo/css/main.css
---
2016/04/21 09:56:18 [error] [exception.CHttpException.404] exception 'CHttpException' with message 'No es posible resolver la solicitud "fonts/lato-bol-webfont.ttf"' in /opt/yii-1.1.13.e9e4a0/framework/web/CWebApplication.php:286
Stack trace:
#0 /opt/yii-1.1.13.e9e4a0/framework/web/CWebApplication.php(141): CWebApplication->runController('fonts/lato-bol-...')
#1 /opt/yii-1.1.13.e9e4a0/framework/base/CApplication.php(169): CWebApplication->processRequest()
#2 /var/www/html/sigedo/index.php(13): CApplication->run()
#3 {main}
REQUEST_URI=/sigedo/fonts/lato-bol-webfont.ttf?1384273632
HTTP_REFERER=http://localhost/sigedo/css/main2.css
---
2016/04/21 09:56:18 [error] [exception.CHttpException.404] exception 'CHttpException' with message 'El sistema no ha podido encontrar la acción "assets" solicitada.' in /opt/yii-1.1.13.e9e4a0/framework/web/CController.php:483
Stack trace:
#0 /opt/yii-1.1.13.e9e4a0/framework/web/CController.php(270): CController->missingAction('assets')
#1 /opt/yii-1.1.13.e9e4a0/framework/web/CWebApplication.php(282): CController->run('assets')
#2 /opt/yii-1.1.13.e9e4a0/framework/web/CWebApplication.php(141): CWebApplication->runController('entradaView/ass...')
#3 /opt/yii-1.1.13.e9e4a0/framework/base/CApplication.php(169): CWebApplication->processRequest()
#4 /var/www/html/sigedo/index.php(13): CApplication->run()
#5 {main}
REQUEST_URI=/sigedo/entradaView/assets/ico/favicon.png
HTTP_REFERER=http://localhost/sigedo/entradaView/admin
---
2016/04/21 09:56:28 [error] [exception.CHttpException.404] exception 'CHttpException' with message 'No es posible resolver la solicitud "js/plugins/stat/flot/jquery.flot.pie.min.js"' in /opt/yii-1.1.13.e9e4a0/framework/web/CWebApplication.php:286
Stack trace:
#0 /opt/yii-1.1.13.e9e4a0/framework/web/CWebApplication.php(141): CWebApplication->runController('js/plugins/stat...')
#1 /opt/yii-1.1.13.e9e4a0/framework/base/CApplication.php(169): CWebApplication->processRequest()
#2 /var/www/html/sigedo/index.php(13): CApplication->run()
#3 {main}
REQUEST_URI=/sigedo/js/plugins/stat/flot/jquery.flot.pie.min.js
HTTP_REFERER=http://localhost/sigedo/adminFinal/admin
---
2016/04/21 09:56:28 [error] [exception.CHttpException.404] exception 'CHttpException' with message 'No es posible resolver la solicitud "fonts/lato-lig-webfont.woff"' in /opt/yii-1.1.13.e9e4a0/framework/web/CWebApplication.php:286
Stack trace:
#0 /opt/yii-1.1.13.e9e4a0/framework/web/CWebApplication.php(141): CWebApplication->runController('fonts/lato-lig-...')
#1 /opt/yii-1.1.13.e9e4a0/framework/base/CApplication.php(169): CWebApplication->processRequest()
#2 /var/www/html/sigedo/index.php(13): CApplication->run()
#3 {main}
REQUEST_URI=/sigedo/fonts/lato-lig-webfont.woff?1383488388
HTTP_REFERER=http://localhost/sigedo/css/main.css
---
2016/04/21 09:56:28 [error] [exception.CHttpException.404] exception 'CHttpException' with message 'No es posible resolver la solicitud "fonts/lato-bol-webfont.woff"' in /opt/yii-1.1.13.e9e4a0/framework/web/CWebApplication.php:286
Stack trace:
#0 /opt/yii-1.1.13.e9e4a0/framework/web/CWebApplication.php(141): CWebApplication->runController('fonts/lato-bol-...')
#1 /opt/yii-1.1.13.e9e4a0/framework/base/CApplication.php(169): CWebApplication->processRequest()
#2 /var/www/html/sigedo/index.php(13): CApplication->run()
#3 {main}
REQUEST_URI=/sigedo/fonts/lato-bol-webfont.woff?1384273632
HTTP_REFERER=http://localhost/sigedo/css/main.css
---
2016/04/21 09:56:28 [error] [exception.CHttpException.404] exception 'CHttpException' with message 'No es posible resolver la solicitud "fonts/lato-lig-webfont.ttf"' in /opt/yii-1.1.13.e9e4a0/framework/web/CWebApplication.php:286
Stack trace:
#0 /opt/yii-1.1.13.e9e4a0/framework/web/CWebApplication.php(141): CWebApplication->runController('fonts/lato-lig-...')
#1 /opt/yii-1.1.13.e9e4a0/framework/base/CApplication.php(169): CWebApplication->processRequest()
#2 /var/www/html/sigedo/index.php(13): CApplication->run()
#3 {main}
REQUEST_URI=/sigedo/fonts/lato-lig-webfont.ttf?1383488388
HTTP_REFERER=http://localhost/sigedo/css/main.css
---
2016/04/21 09:56:28 [error] [exception.CHttpException.404] exception 'CHttpException' with message 'No es posible resolver la solicitud "fonts/lato-bol-webfont.ttf"' in /opt/yii-1.1.13.e9e4a0/framework/web/CWebApplication.php:286
Stack trace:
#0 /opt/yii-1.1.13.e9e4a0/framework/web/CWebApplication.php(141): CWebApplication->runController('fonts/lato-bol-...')
#1 /opt/yii-1.1.13.e9e4a0/framework/base/CApplication.php(169): CWebApplication->processRequest()
#2 /var/www/html/sigedo/index.php(13): CApplication->run()
#3 {main}
REQUEST_URI=/sigedo/fonts/lato-bol-webfont.ttf?1384273632
HTTP_REFERER=http://localhost/sigedo/css/main.css
---
2016/04/21 09:56:29 [error] [exception.CHttpException.404] exception 'CHttpException' with message 'El sistema no ha podido encontrar la acción "assets" solicitada.' in /opt/yii-1.1.13.e9e4a0/framework/web/CController.php:483
Stack trace:
#0 /opt/yii-1.1.13.e9e4a0/framework/web/CController.php(270): CController->missingAction('assets')
#1 /opt/yii-1.1.13.e9e4a0/framework/web/CWebApplication.php(282): CController->run('assets')
#2 /opt/yii-1.1.13.e9e4a0/framework/web/CWebApplication.php(141): CWebApplication->runController('adminFinal/asse...')
#3 /opt/yii-1.1.13.e9e4a0/framework/base/CApplication.php(169): CWebApplication->processRequest()
#4 /var/www/html/sigedo/index.php(13): CApplication->run()
#5 {main}
REQUEST_URI=/sigedo/adminFinal/assets/ico/favicon.png
HTTP_REFERER=http://localhost/sigedo/adminFinal/admin
---
2016/04/21 09:56:33 [error] [exception.CHttpException.404] exception 'CHttpException' with message 'No es posible resolver la solicitud "js/plugins/stat/flot/jquery.flot.pie.min.js"' in /opt/yii-1.1.13.e9e4a0/framework/web/CWebApplication.php:286
Stack trace:
#0 /opt/yii-1.1.13.e9e4a0/framework/web/CWebApplication.php(141): CWebApplication->runController('js/plugins/stat...')
#1 /opt/yii-1.1.13.e9e4a0/framework/base/CApplication.php(169): CWebApplication->processRequest()
#2 /var/www/html/sigedo/index.php(13): CApplication->run()
#3 {main}
REQUEST_URI=/sigedo/js/plugins/stat/flot/jquery.flot.pie.min.js
HTTP_REFERER=http://localhost/sigedo/correspondencia/confirmar
---
2016/04/21 09:56:33 [error] [exception.CHttpException.404] exception 'CHttpException' with message 'No es posible resolver la solicitud "fonts/lato-lig-webfont.woff"' in /opt/yii-1.1.13.e9e4a0/framework/web/CWebApplication.php:286
Stack trace:
#0 /opt/yii-1.1.13.e9e4a0/framework/web/CWebApplication.php(141): CWebApplication->runController('fonts/lato-lig-...')
#1 /opt/yii-1.1.13.e9e4a0/framework/base/CApplication.php(169): CWebApplication->processRequest()
#2 /var/www/html/sigedo/index.php(13): CApplication->run()
#3 {main}
REQUEST_URI=/sigedo/fonts/lato-lig-webfont.woff?1383488388
HTTP_REFERER=http://localhost/sigedo/css/main.css
---
2016/04/21 09:56:33 [error] [exception.CHttpException.404] exception 'CHttpException' with message 'No es posible resolver la solicitud "fonts/lato-bol-webfont.woff"' in /opt/yii-1.1.13.e9e4a0/framework/web/CWebApplication.php:286
Stack trace:
#0 /opt/yii-1.1.13.e9e4a0/framework/web/CWebApplication.php(141): CWebApplication->runController('fonts/lato-bol-...')
#1 /opt/yii-1.1.13.e9e4a0/framework/base/CApplication.php(169): CWebApplication->processRequest()
#2 /var/www/html/sigedo/index.php(13): CApplication->run()
#3 {main}
REQUEST_URI=/sigedo/fonts/lato-bol-webfont.woff?1384273632
HTTP_REFERER=http://localhost/sigedo/css/main.css
---
2016/04/21 09:56:34 [error] [exception.CHttpException.404] exception 'CHttpException' with message 'No es posible resolver la solicitud "fonts/lato-lig-webfont.ttf"' in /opt/yii-1.1.13.e9e4a0/framework/web/CWebApplication.php:286
Stack trace:
#0 /opt/yii-1.1.13.e9e4a0/framework/web/CWebApplication.php(141): CWebApplication->runController('fonts/lato-lig-...')
#1 /opt/yii-1.1.13.e9e4a0/framework/base/CApplication.php(169): CWebApplication->processRequest()
#2 /var/www/html/sigedo/index.php(13): CApplication->run()
#3 {main}
REQUEST_URI=/sigedo/fonts/lato-lig-webfont.ttf?1383488388
HTTP_REFERER=http://localhost/sigedo/css/main.css
---
2016/04/21 09:56:34 [error] [exception.CHttpException.404] exception 'CHttpException' with message 'No es posible resolver la solicitud "fonts/lato-bol-webfont.ttf"' in /opt/yii-1.1.13.e9e4a0/framework/web/CWebApplication.php:286
Stack trace:
#0 /opt/yii-1.1.13.e9e4a0/framework/web/CWebApplication.php(141): CWebApplication->runController('fonts/lato-bol-...')
#1 /opt/yii-1.1.13.e9e4a0/framework/base/CApplication.php(169): CWebApplication->processRequest()
#2 /var/www/html/sigedo/index.php(13): CApplication->run()
#3 {main}
REQUEST_URI=/sigedo/fonts/lato-bol-webfont.ttf?1384273632
HTTP_REFERER=http://localhost/sigedo/css/main.css
---
2016/04/21 09:56:34 [error] [exception.CHttpException.404] exception 'CHttpException' with message 'El sistema no ha podido encontrar la acción "assets" solicitada.' in /opt/yii-1.1.13.e9e4a0/framework/web/CController.php:483
Stack trace:
#0 /opt/yii-1.1.13.e9e4a0/framework/web/CController.php(270): CController->missingAction('assets')
#1 /opt/yii-1.1.13.e9e4a0/framework/web/CWebApplication.php(282): CController->run('assets')
#2 /opt/yii-1.1.13.e9e4a0/framework/web/CWebApplication.php(141): CWebApplication->runController('correspondencia...')
#3 /opt/yii-1.1.13.e9e4a0/framework/base/CApplication.php(169): CWebApplication->processRequest()
#4 /var/www/html/sigedo/index.php(13): CApplication->run()
#5 {main}
REQUEST_URI=/sigedo/correspondencia/assets/ico/favicon.png
HTTP_REFERER=http://localhost/sigedo/correspondencia/confirmar
---
2016/04/21 18:34:57 [error] [exception.CHttpException.404] exception 'CHttpException' with message 'No es posible resolver la solicitud "fonts/lato-lig-webfont.woff"' in /opt/yii-1.1.13.e9e4a0/framework/web/CWebApplication.php:286
Stack trace:
#0 /opt/yii-1.1.13.e9e4a0/framework/web/CWebApplication.php(141): CWebApplication->runController('fonts/lato-lig-...')
#1 /opt/yii-1.1.13.e9e4a0/framework/base/CApplication.php(169): CWebApplication->processRequest()
#2 /var/www/html/sigedo/index.php(13): CApplication->run()
#3 {main}
REQUEST_URI=/sigedo/fonts/lato-lig-webfont.woff?1383488388
HTTP_REFERER=http://localhost/sigedo/css/main2.css
---
2016/04/21 18:34:57 [error] [exception.CHttpException.404] exception 'CHttpException' with message 'No es posible resolver la solicitud "fonts/lato-lig-webfont.ttf"' in /opt/yii-1.1.13.e9e4a0/framework/web/CWebApplication.php:286
Stack trace:
#0 /opt/yii-1.1.13.e9e4a0/framework/web/CWebApplication.php(141): CWebApplication->runController('fonts/lato-lig-...')
#1 /opt/yii-1.1.13.e9e4a0/framework/base/CApplication.php(169): CWebApplication->processRequest()
#2 /var/www/html/sigedo/index.php(13): CApplication->run()
#3 {main}
REQUEST_URI=/sigedo/fonts/lato-lig-webfont.ttf?1383488388
HTTP_REFERER=http://localhost/sigedo/css/main2.css
---
2016/04/21 18:35:07 [error] [exception.CHttpException.404] exception 'CHttpException' with message 'No es posible resolver la solicitud "js/plugins/stat/flot/jquery.flot.pie.min.js"' in /opt/yii-1.1.13.e9e4a0/framework/web/CWebApplication.php:286
Stack trace:
#0 /opt/yii-1.1.13.e9e4a0/framework/web/CWebApplication.php(141): CWebApplication->runController('js/plugins/stat...')
#1 /opt/yii-1.1.13.e9e4a0/framework/base/CApplication.php(169): CWebApplication->processRequest()
#2 /var/www/html/sigedo/index.php(13): CApplication->run()
#3 {main}
REQUEST_URI=/sigedo/js/plugins/stat/flot/jquery.flot.pie.min.js
HTTP_REFERER=http://localhost/sigedo/main/index
---
2016/04/21 18:35:08 [error] [exception.CHttpException.404] exception 'CHttpException' with message 'No es posible resolver la solicitud "fonts/lato-lig-webfont.woff"' in /opt/yii-1.1.13.e9e4a0/framework/web/CWebApplication.php:286
Stack trace:
#0 /opt/yii-1.1.13.e9e4a0/framework/web/CWebApplication.php(141): CWebApplication->runController('fonts/lato-lig-...')
#1 /opt/yii-1.1.13.e9e4a0/framework/base/CApplication.php(169): CWebApplication->processRequest()
#2 /var/www/html/sigedo/index.php(13): CApplication->run()
#3 {main}
REQUEST_URI=/sigedo/fonts/lato-lig-webfont.woff?1383488388
HTTP_REFERER=http://localhost/sigedo/css/main.css
---
2016/04/21 18:35:08 [error] [exception.CHttpException.404] exception 'CHttpException' with message 'No es posible resolver la solicitud "fonts/lato-lig-webfont.ttf"' in /opt/yii-1.1.13.e9e4a0/framework/web/CWebApplication.php:286
Stack trace:
#0 /opt/yii-1.1.13.e9e4a0/framework/web/CWebApplication.php(141): CWebApplication->runController('fonts/lato-lig-...')
#1 /opt/yii-1.1.13.e9e4a0/framework/base/CApplication.php(169): CWebApplication->processRequest()
#2 /var/www/html/sigedo/index.php(13): CApplication->run()
#3 {main}
REQUEST_URI=/sigedo/fonts/lato-lig-webfont.ttf?1383488388
HTTP_REFERER=http://localhost/sigedo/css/main.css
---
2016/04/21 18:35:15 [error] [exception.CHttpException.404] exception 'CHttpException' with message 'No es posible resolver la solicitud "js/plugins/stat/flot/jquery.flot.pie.min.js"' in /opt/yii-1.1.13.e9e4a0/framework/web/CWebApplication.php:286
Stack trace:
#0 /opt/yii-1.1.13.e9e4a0/framework/web/CWebApplication.php(141): CWebApplication->runController('js/plugins/stat...')
#1 /opt/yii-1.1.13.e9e4a0/framework/base/CApplication.php(169): CWebApplication->processRequest()
#2 /var/www/html/sigedo/index.php(13): CApplication->run()
#3 {main}
REQUEST_URI=/sigedo/js/plugins/stat/flot/jquery.flot.pie.min.js
HTTP_REFERER=http://localhost/sigedo/datosPersonales/admin
---
2016/04/21 18:35:15 [error] [exception.CHttpException.404] exception 'CHttpException' with message 'No es posible resolver la solicitud "fonts/lato-lig-webfont.woff"' in /opt/yii-1.1.13.e9e4a0/framework/web/CWebApplication.php:286
Stack trace:
#0 /opt/yii-1.1.13.e9e4a0/framework/web/CWebApplication.php(141): CWebApplication->runController('fonts/lato-lig-...')
#1 /opt/yii-1.1.13.e9e4a0/framework/base/CApplication.php(169): CWebApplication->processRequest()
#2 /var/www/html/sigedo/index.php(13): CApplication->run()
#3 {main}
REQUEST_URI=/sigedo/fonts/lato-lig-webfont.woff?1383488388
HTTP_REFERER=http://localhost/sigedo/css/main.css
---
2016/04/21 18:35:15 [error] [exception.CHttpException.404] exception 'CHttpException' with message 'No es posible resolver la solicitud "fonts/lato-bol-webfont.woff"' in /opt/yii-1.1.13.e9e4a0/framework/web/CWebApplication.php:286
Stack trace:
#0 /opt/yii-1.1.13.e9e4a0/framework/web/CWebApplication.php(141): CWebApplication->runController('fonts/lato-bol-...')
#1 /opt/yii-1.1.13.e9e4a0/framework/base/CApplication.php(169): CWebApplication->processRequest()
#2 /var/www/html/sigedo/index.php(13): CApplication->run()
#3 {main}
REQUEST_URI=/sigedo/fonts/lato-bol-webfont.woff?1384273632
HTTP_REFERER=http://localhost/sigedo/css/main2.css
---
2016/04/21 18:35:16 [error] [exception.CHttpException.404] exception 'CHttpException' with message 'No es posible resolver la solicitud "fonts/lato-lig-webfont.ttf"' in /opt/yii-1.1.13.e9e4a0/framework/web/CWebApplication.php:286
Stack trace:
#0 /opt/yii-1.1.13.e9e4a0/framework/web/CWebApplication.php(141): CWebApplication->runController('fonts/lato-lig-...')
#1 /opt/yii-1.1.13.e9e4a0/framework/base/CApplication.php(169): CWebApplication->processRequest()
#2 /var/www/html/sigedo/index.php(13): CApplication->run()
#3 {main}
REQUEST_URI=/sigedo/fonts/lato-lig-webfont.ttf?1383488388
HTTP_REFERER=http://localhost/sigedo/css/main.css
---
2016/04/21 18:35:16 [error] [exception.CHttpException.404] exception 'CHttpException' with message 'No es posible resolver la solicitud "fonts/lato-bol-webfont.ttf"' in /opt/yii-1.1.13.e9e4a0/framework/web/CWebApplication.php:286
Stack trace:
#0 /opt/yii-1.1.13.e9e4a0/framework/web/CWebApplication.php(141): CWebApplication->runController('fonts/lato-bol-...')
#1 /opt/yii-1.1.13.e9e4a0/framework/base/CApplication.php(169): CWebApplication->processRequest()
#2 /var/www/html/sigedo/index.php(13): CApplication->run()
#3 {main}
REQUEST_URI=/sigedo/fonts/lato-bol-webfont.ttf?1384273632
HTTP_REFERER=http://localhost/sigedo/css/main2.css
---
2016/04/21 18:35:16 [error] [exception.CHttpException.404] exception 'CHttpException' with message 'El sistema no ha podido encontrar la acción "assets" solicitada.' in /opt/yii-1.1.13.e9e4a0/framework/web/CController.php:483
Stack trace:
#0 /opt/yii-1.1.13.e9e4a0/framework/web/CController.php(270): CController->missingAction('assets')
#1 /opt/yii-1.1.13.e9e4a0/framework/web/CWebApplication.php(282): CController->run('assets')
#2 /opt/yii-1.1.13.e9e4a0/framework/web/CWebApplication.php(141): CWebApplication->runController('datosPersonales...')
#3 /opt/yii-1.1.13.e9e4a0/framework/base/CApplication.php(169): CWebApplication->processRequest()
#4 /var/www/html/sigedo/index.php(13): CApplication->run()
#5 {main}
REQUEST_URI=/sigedo/datosPersonales/assets/ico/favicon.png
HTTP_REFERER=http://localhost/sigedo/datosPersonales/admin
---
2016/04/21 18:35:19 [error] [exception.CHttpException.404] exception 'CHttpException' with message 'No es posible resolver la solicitud "js/plugins/stat/flot/jquery.flot.pie.min.js"' in /opt/yii-1.1.13.e9e4a0/framework/web/CWebApplication.php:286
Stack trace:
#0 /opt/yii-1.1.13.e9e4a0/framework/web/CWebApplication.php(141): CWebApplication->runController('js/plugins/stat...')
#1 /opt/yii-1.1.13.e9e4a0/framework/base/CApplication.php(169): CWebApplication->processRequest()
#2 /var/www/html/sigedo/index.php(13): CApplication->run()
#3 {main}
REQUEST_URI=/sigedo/js/plugins/stat/flot/jquery.flot.pie.min.js
HTTP_REFERER=http://localhost/sigedo/usuarios/admin
---
2016/04/21 18:35:19 [error] [exception.CHttpException.404] exception 'CHttpException' with message 'No es posible resolver la solicitud "fonts/lato-lig-webfont.woff"' in /opt/yii-1.1.13.e9e4a0/framework/web/CWebApplication.php:286
Stack trace:
#0 /opt/yii-1.1.13.e9e4a0/framework/web/CWebApplication.php(141): CWebApplication->runController('fonts/lato-lig-...')
#1 /opt/yii-1.1.13.e9e4a0/framework/base/CApplication.php(169): CWebApplication->processRequest()
#2 /var/www/html/sigedo/index.php(13): CApplication->run()
#3 {main}
REQUEST_URI=/sigedo/fonts/lato-lig-webfont.woff?1383488388
HTTP_REFERER=http://localhost/sigedo/css/main.css
---
2016/04/21 18:35:19 [error] [exception.CHttpException.404] exception 'CHttpException' with message 'No es posible resolver la solicitud "fonts/lato-bol-webfont.woff"' in /opt/yii-1.1.13.e9e4a0/framework/web/CWebApplication.php:286
Stack trace:
#0 /opt/yii-1.1.13.e9e4a0/framework/web/CWebApplication.php(141): CWebApplication->runController('fonts/lato-bol-...')
#1 /opt/yii-1.1.13.e9e4a0/framework/base/CApplication.php(169): CWebApplication->processRequest()
#2 /var/www/html/sigedo/index.php(13): CApplication->run()
#3 {main}
REQUEST_URI=/sigedo/fonts/lato-bol-webfont.woff?1384273632
HTTP_REFERER=http://localhost/sigedo/css/main.css
---
2016/04/21 18:35:19 [error] [exception.CHttpException.404] exception 'CHttpException' with message 'No es posible resolver la solicitud "fonts/lato-lig-webfont.ttf"' in /opt/yii-1.1.13.e9e4a0/framework/web/CWebApplication.php:286
Stack trace:
#0 /opt/yii-1.1.13.e9e4a0/framework/web/CWebApplication.php(141): CWebApplication->runController('fonts/lato-lig-...')
#1 /opt/yii-1.1.13.e9e4a0/framework/base/CApplication.php(169): CWebApplication->processRequest()
#2 /var/www/html/sigedo/index.php(13): CApplication->run()
#3 {main}
REQUEST_URI=/sigedo/fonts/lato-lig-webfont.ttf?1383488388
HTTP_REFERER=http://localhost/sigedo/css/main.css
---
2016/04/21 18:35:19 [error] [exception.CHttpException.404] exception 'CHttpException' with message 'No es posible resolver la solicitud "fonts/lato-bol-webfont.ttf"' in /opt/yii-1.1.13.e9e4a0/framework/web/CWebApplication.php:286
Stack trace:
#0 /opt/yii-1.1.13.e9e4a0/framework/web/CWebApplication.php(141): CWebApplication->runController('fonts/lato-bol-...')
#1 /opt/yii-1.1.13.e9e4a0/framework/base/CApplication.php(169): CWebApplication->processRequest()
#2 /var/www/html/sigedo/index.php(13): CApplication->run()
#3 {main}
REQUEST_URI=/sigedo/fonts/lato-bol-webfont.ttf?1384273632
HTTP_REFERER=http://localhost/sigedo/css/main.css
---
2016/04/21 18:35:19 [error] [exception.CHttpException.404] exception 'CHttpException' with message 'El sistema no ha podido encontrar la acción "assets" solicitada.' in /opt/yii-1.1.13.e9e4a0/framework/web/CController.php:483
Stack trace:
#0 /opt/yii-1.1.13.e9e4a0/framework/web/CController.php(270): CController->missingAction('assets')
#1 /opt/yii-1.1.13.e9e4a0/framework/web/CWebApplication.php(282): CController->run('assets')
#2 /opt/yii-1.1.13.e9e4a0/framework/web/CWebApplication.php(141): CWebApplication->runController('usuarios/assets...')
#3 /opt/yii-1.1.13.e9e4a0/framework/base/CApplication.php(169): CWebApplication->processRequest()
#4 /var/www/html/sigedo/index.php(13): CApplication->run()
#5 {main}
REQUEST_URI=/sigedo/usuarios/assets/ico/favicon.png
HTTP_REFERER=http://localhost/sigedo/usuarios/admin
---
2016/04/21 19:14:14 [error] [exception.CHttpException.404] exception 'CHttpException' with message 'No es posible resolver la solicitud "fonts/lato-lig-webfont.woff"' in /opt/yii-1.1.13.e9e4a0/framework/web/CWebApplication.php:286
Stack trace:
#0 /opt/yii-1.1.13.e9e4a0/framework/web/CWebApplication.php(141): CWebApplication->runController('fonts/lato-lig-...')
#1 /opt/yii-1.1.13.e9e4a0/framework/base/CApplication.php(169): CWebApplication->processRequest()
#2 /var/www/html/sigedo/index.php(13): CApplication->run()
#3 {main}
REQUEST_URI=/sigedo/fonts/lato-lig-webfont.woff?1383488388
HTTP_REFERER=http://localhost/sigedo/css/main2.css
---
2016/04/21 19:14:14 [error] [exception.CHttpException.404] exception 'CHttpException' with message 'No es posible resolver la solicitud "fonts/lato-lig-webfont.ttf"' in /opt/yii-1.1.13.e9e4a0/framework/web/CWebApplication.php:286
Stack trace:
#0 /opt/yii-1.1.13.e9e4a0/framework/web/CWebApplication.php(141): CWebApplication->runController('fonts/lato-lig-...')
#1 /opt/yii-1.1.13.e9e4a0/framework/base/CApplication.php(169): CWebApplication->processRequest()
#2 /var/www/html/sigedo/index.php(13): CApplication->run()
#3 {main}
REQUEST_URI=/sigedo/fonts/lato-lig-webfont.ttf?1383488388
HTTP_REFERER=http://localhost/sigedo/css/main2.css
---
2016/04/21 19:14:17 [error] [exception.CHttpException.404] exception 'CHttpException' with message 'No es posible resolver la solicitud "fonts/lato-lig-webfont.woff"' in /opt/yii-1.1.13.e9e4a0/framework/web/CWebApplication.php:286
Stack trace:
#0 /opt/yii-1.1.13.e9e4a0/framework/web/CWebApplication.php(141): CWebApplication->runController('fonts/lato-lig-...')
#1 /opt/yii-1.1.13.e9e4a0/framework/base/CApplication.php(169): CWebApplication->processRequest()
#2 /var/www/html/sigedo/index.php(13): CApplication->run()
#3 {main}
REQUEST_URI=/sigedo/fonts/lato-lig-webfont.woff?1383488388
HTTP_REFERER=http://localhost/sigedo/css/main2.css
---
2016/04/21 19:14:17 [error] [exception.CHttpException.404] exception 'CHttpException' with message 'No es posible resolver la solicitud "fonts/lato-lig-webfont.ttf"' in /opt/yii-1.1.13.e9e4a0/framework/web/CWebApplication.php:286
Stack trace:
#0 /opt/yii-1.1.13.e9e4a0/framework/web/CWebApplication.php(141): CWebApplication->runController('fonts/lato-lig-...')
#1 /opt/yii-1.1.13.e9e4a0/framework/base/CApplication.php(169): CWebApplication->processRequest()
#2 /var/www/html/sigedo/index.php(13): CApplication->run()
#3 {main}
REQUEST_URI=/sigedo/fonts/lato-lig-webfont.ttf?1383488388
HTTP_REFERER=http://localhost/sigedo/css/main2.css
---
